2019-10-16 14:46:45 - PHP Notice:  Undefined index: speedy_delivery_fee in /opt/lampp/htdocs/ugollc/admin/view/template/custom_settings/delivery_fee/cash_on_delivery/cod_delivery_fee_list.tpl on line 69
2019-10-16 14:46:45 - PHP Notice:  Undefined index: speedy_delivery_fee in /opt/lampp/htdocs/ugollc/admin/view/template/custom_settings/delivery_fee/cash_on_delivery/cod_delivery_fee_list.tpl on line 69
2019-10-16 14:46:45 - PHP Notice:  Undefined index: speedy_delivery_fee in /opt/lampp/htdocs/ugollc/admin/view/template/custom_settings/delivery_fee/cash_on_delivery/cod_delivery_fee_list.tpl on line 69
2019-10-16 14:46:45 - PHP Notice:  Undefined index: speedy_delivery_fee in /opt/lampp/htdocs/ugollc/admin/view/template/custom_settings/delivery_fee/cash_on_delivery/cod_delivery_fee_list.tpl on line 69
2019-10-16 14:46:45 - PHP Notice:  Undefined index: delete in /opt/lampp/htdocs/ugollc/admin/view/template/custom_settings/delivery_fee/cash_on_delivery/cod_delivery_fee_list.tpl on line 150
2019-10-16 16:42:19 - PHP Notice:  Undefined index: speedy_delivery_fee in /opt/lampp/htdocs/ugollc/admin/view/template/custom_settings/delivery_fee/cash_on_delivery/cod_delivery_fee_list.tpl on line 69
2019-10-16 16:42:19 - PHP Notice:  Undefined index: speedy_delivery_fee in /opt/lampp/htdocs/ugollc/admin/view/template/custom_settings/delivery_fee/cash_on_delivery/cod_delivery_fee_list.tpl on line 69
2019-10-16 16:42:19 - PHP Notice:  Undefined index: speedy_delivery_fee in /opt/lampp/htdocs/ugollc/admin/view/template/custom_settings/delivery_fee/cash_on_delivery/cod_delivery_fee_list.tpl on line 69
2019-10-16 16:42:19 - PHP Notice:  Undefined index: speedy_delivery_fee in /opt/lampp/htdocs/ugollc/admin/view/template/custom_settings/delivery_fee/cash_on_delivery/cod_delivery_fee_list.tpl on line 69
2019-10-16 16:42:19 - PHP Notice:  Undefined index: delete in /opt/lampp/htdocs/ugollc/admin/view/template/custom_settings/delivery_fee/cash_on_delivery/cod_delivery_fee_list.tpl on line 150
2019-10-16 16:42:24 - PHP Notice:  Undefined index: speedy_delivery_fee in /opt/lampp/htdocs/ugollc/admin/view/template/custom_settings/delivery_fee/card_payment/card_payment_fee_list.tpl on line 69
2019-10-16 16:42:24 - PHP Notice:  Undefined index: speedy_delivery_fee in /opt/lampp/htdocs/ugollc/admin/view/template/custom_settings/delivery_fee/card_payment/card_payment_fee_list.tpl on line 69
2019-10-16 16:42:24 - PHP Notice:  Undefined index: speedy_delivery_fee in /opt/lampp/htdocs/ugollc/admin/view/template/custom_settings/delivery_fee/card_payment/card_payment_fee_list.tpl on line 69
2019-10-16 16:42:24 - PHP Notice:  Undefined index: speedy_delivery_fee in /opt/lampp/htdocs/ugollc/admin/view/template/custom_settings/delivery_fee/card_payment/card_payment_fee_list.tpl on line 69
2019-10-16 16:42:24 - PHP Notice:  Undefined index: delete in /opt/lampp/htdocs/ugollc/admin/view/template/custom_settings/delivery_fee/card_payment/card_payment_fee_list.tpl on line 150
2019-10-16 16:42:27 - PHP Notice:  Undefined index: speedy_delivery_fee in /opt/lampp/htdocs/ugollc/admin/view/template/custom_settings/delivery_fee/stripe/stripe_fee_list.tpl on line 69
2019-10-16 16:42:27 - PHP Notice:  Undefined index: speedy_delivery_fee in /opt/lampp/htdocs/ugollc/admin/view/template/custom_settings/delivery_fee/stripe/stripe_fee_list.tpl on line 69
2019-10-16 16:42:27 - PHP Notice:  Undefined index: speedy_delivery_fee in /opt/lampp/htdocs/ugollc/admin/view/template/custom_settings/delivery_fee/stripe/stripe_fee_list.tpl on line 69
2019-10-16 16:42:27 - PHP Notice:  Undefined index: speedy_delivery_fee in /opt/lampp/htdocs/ugollc/admin/view/template/custom_settings/delivery_fee/stripe/stripe_fee_list.tpl on line 69
2019-10-16 16:42:27 - PHP Notice:  Undefined index: delete in /opt/lampp/htdocs/ugollc/admin/view/template/custom_settings/delivery_fee/stripe/stripe_fee_list.tpl on line 150
2019-10-16 16:42:29 - PHP Notice:  Undefined index: speedy_delivery_fee in /opt/lampp/htdocs/ugollc/admin/view/template/custom_settings/delivery_fee/dinning_dollars/dd_fee_list.tpl on line 69
2019-10-16 16:42:29 - PHP Notice:  Undefined index: speedy_delivery_fee in /opt/lampp/htdocs/ugollc/admin/view/template/custom_settings/delivery_fee/dinning_dollars/dd_fee_list.tpl on line 69
2019-10-16 16:42:29 - PHP Notice:  Undefined index: speedy_delivery_fee in /opt/lampp/htdocs/ugollc/admin/view/template/custom_settings/delivery_fee/dinning_dollars/dd_fee_list.tpl on line 69
2019-10-16 16:42:29 - PHP Notice:  Undefined index: speedy_delivery_fee in /opt/lampp/htdocs/ugollc/admin/view/template/custom_settings/delivery_fee/dinning_dollars/dd_fee_list.tpl on line 69
2019-10-16 16:42:29 - PHP Notice:  Undefined index: delete in /opt/lampp/htdocs/ugollc/admin/view/template/custom_settings/delivery_fee/dinning_dollars/dd_fee_list.tpl on line 150
2019-10-16 16:43:26 - PHP Notice:  Undefined index: speedy_delivery_fee in /opt/lampp/htdocs/ugollc/admin/view/template/custom_settings/delivery_fee/cash_on_delivery/cod_delivery_fee_list.tpl on line 69
2019-10-16 16:43:26 - PHP Notice:  Undefined index: speedy_delivery_fee in /opt/lampp/htdocs/ugollc/admin/view/template/custom_settings/delivery_fee/cash_on_delivery/cod_delivery_fee_list.tpl on line 69
2019-10-16 16:43:26 - PHP Notice:  Undefined index: speedy_delivery_fee in /opt/lampp/htdocs/ugollc/admin/view/template/custom_settings/delivery_fee/cash_on_delivery/cod_delivery_fee_list.tpl on line 69
2019-10-16 16:43:26 - PHP Notice:  Undefined index: speedy_delivery_fee in /opt/lampp/htdocs/ugollc/admin/view/template/custom_settings/delivery_fee/cash_on_delivery/cod_delivery_fee_list.tpl on line 69
2019-10-16 16:43:26 - PHP Notice:  Undefined index: delete in /opt/lampp/htdocs/ugollc/admin/view/template/custom_settings/delivery_fee/cash_on_delivery/cod_delivery_fee_list.tpl on line 150
2019-10-16 16:43:34 - PHP Notice:  Undefined index: speedy_delivery_fee in /opt/lampp/htdocs/ugollc/admin/view/template/custom_settings/delivery_fee/card_payment/card_payment_fee_list.tpl on line 69
2019-10-16 16:43:34 - PHP Notice:  Undefined index: speedy_delivery_fee in /opt/lampp/htdocs/ugollc/admin/view/template/custom_settings/delivery_fee/card_payment/card_payment_fee_list.tpl on line 69
2019-10-16 16:43:34 - PHP Notice:  Undefined index: speedy_delivery_fee in /opt/lampp/htdocs/ugollc/admin/view/template/custom_settings/delivery_fee/card_payment/card_payment_fee_list.tpl on line 69
2019-10-16 16:43:34 - PHP Notice:  Undefined index: speedy_delivery_fee in /opt/lampp/htdocs/ugollc/admin/view/template/custom_settings/delivery_fee/card_payment/card_payment_fee_list.tpl on line 69
2019-10-16 16:43:34 - PHP Notice:  Undefined index: delete in /opt/lampp/htdocs/ugollc/admin/view/template/custom_settings/delivery_fee/card_payment/card_payment_fee_list.tpl on line 150
2019-10-16 16:43:45 - PHP Notice:  Undefined index: speedy_delivery_fee in /opt/lampp/htdocs/ugollc/admin/view/template/custom_settings/delivery_fee/dinning_dollars/dd_fee_list.tpl on line 69
2019-10-16 16:43:45 - PHP Notice:  Undefined index: speedy_delivery_fee in /opt/lampp/htdocs/ugollc/admin/view/template/custom_settings/delivery_fee/dinning_dollars/dd_fee_list.tpl on line 69
2019-10-16 16:43:45 - PHP Notice:  Undefined index: speedy_delivery_fee in /opt/lampp/htdocs/ugollc/admin/view/template/custom_settings/delivery_fee/dinning_dollars/dd_fee_list.tpl on line 69
2019-10-16 16:43:45 - PHP Notice:  Undefined index: speedy_delivery_fee in /opt/lampp/htdocs/ugollc/admin/view/template/custom_settings/delivery_fee/dinning_dollars/dd_fee_list.tpl on line 69
2019-10-16 16:43:45 - PHP Notice:  Undefined index: delete in /opt/lampp/htdocs/ugollc/admin/view/template/custom_settings/delivery_fee/dinning_dollars/dd_fee_list.tpl on line 150
2019-10-16 16:43:53 - PHP Notice:  Undefined index: speedy_delivery_fee in /opt/lampp/htdocs/ugollc/admin/view/template/custom_settings/delivery_fee/dinning_dollars/dd_fee_list.tpl on line 69
2019-10-16 16:43:53 - PHP Notice:  Undefined index: speedy_delivery_fee in /opt/lampp/htdocs/ugollc/admin/view/template/custom_settings/delivery_fee/dinning_dollars/dd_fee_list.tpl on line 69
2019-10-16 16:43:53 - PHP Notice:  Undefined index: speedy_delivery_fee in /opt/lampp/htdocs/ugollc/admin/view/template/custom_settings/delivery_fee/dinning_dollars/dd_fee_list.tpl on line 69
2019-10-16 16:43:53 - PHP Notice:  Undefined index: speedy_delivery_fee in /opt/lampp/htdocs/ugollc/admin/view/template/custom_settings/delivery_fee/dinning_dollars/dd_fee_list.tpl on line 69
2019-10-16 16:43:53 - PHP Notice:  Undefined index: delete in /opt/lampp/htdocs/ugollc/admin/view/template/custom_settings/delivery_fee/dinning_dollars/dd_fee_list.tpl on line 150
2019-10-16 16:43:58 - PHP Notice:  Undefined index: speedy_delivery_fee in /opt/lampp/htdocs/ugollc/admin/view/template/custom_settings/delivery_fee/dinning_dollars/dd_fee_list.tpl on line 69
2019-10-16 16:43:58 - PHP Notice:  Undefined index: speedy_delivery_fee in /opt/lampp/htdocs/ugollc/admin/view/template/custom_settings/delivery_fee/dinning_dollars/dd_fee_list.tpl on line 69
2019-10-16 16:43:58 - PHP Notice:  Undefined index: speedy_delivery_fee in /opt/lampp/htdocs/ugollc/admin/view/template/custom_settings/delivery_fee/dinning_dollars/dd_fee_list.tpl on line 69
2019-10-16 16:43:58 - PHP Notice:  Undefined index: speedy_delivery_fee in /opt/lampp/htdocs/ugollc/admin/view/template/custom_settings/delivery_fee/dinning_dollars/dd_fee_list.tpl on line 69
2019-10-16 16:43:58 - PHP Notice:  Undefined index: delete in /opt/lampp/htdocs/ugollc/admin/view/template/custom_settings/delivery_fee/dinning_dollars/dd_fee_list.tpl on line 150
2019-10-16 16:44:14 - PHP Notice:  Undefined index: speedy_delivery_fee in /opt/lampp/htdocs/ugollc/admin/view/template/custom_settings/delivery_fee/dinning_dollars/dd_fee_list.tpl on line 69
2019-10-16 16:44:14 - PHP Notice:  Undefined index: speedy_delivery_fee in /opt/lampp/htdocs/ugollc/admin/view/template/custom_settings/delivery_fee/dinning_dollars/dd_fee_list.tpl on line 69
2019-10-16 16:44:14 - PHP Notice:  Undefined index: speedy_delivery_fee in /opt/lampp/htdocs/ugollc/admin/view/template/custom_settings/delivery_fee/dinning_dollars/dd_fee_list.tpl on line 69
2019-10-16 16:44:14 - PHP Notice:  Undefined index: speedy_delivery_fee in /opt/lampp/htdocs/ugollc/admin/view/template/custom_settings/delivery_fee/dinning_dollars/dd_fee_list.tpl on line 69
2019-10-16 16:44:14 - PHP Notice:  Undefined index: delete in /opt/lampp/htdocs/ugollc/admin/view/template/custom_settings/delivery_fee/dinning_dollars/dd_fee_list.tpl on line 150
2019-10-16 16:47:11 - PHP Notice:  Undefined index: speedy_delivery_fee in /opt/lampp/htdocs/ugollc/admin/view/template/custom_settings/delivery_fee/cash_on_delivery/cod_delivery_fee_list.tpl on line 69
2019-10-16 16:47:11 - PHP Notice:  Undefined index: speedy_delivery_fee in /opt/lampp/htdocs/ugollc/admin/view/template/custom_settings/delivery_fee/cash_on_delivery/cod_delivery_fee_list.tpl on line 69
2019-10-16 16:47:11 - PHP Notice:  Undefined index: speedy_delivery_fee in /opt/lampp/htdocs/ugollc/admin/view/template/custom_settings/delivery_fee/cash_on_delivery/cod_delivery_fee_list.tpl on line 69
2019-10-16 16:47:11 - PHP Notice:  Undefined index: speedy_delivery_fee in /opt/lampp/htdocs/ugollc/admin/view/template/custom_settings/delivery_fee/cash_on_delivery/cod_delivery_fee_list.tpl on line 69
2019-10-16 16:47:11 - PHP Notice:  Undefined index: delete in /opt/lampp/htdocs/ugollc/admin/view/template/custom_settings/delivery_fee/cash_on_delivery/cod_delivery_fee_list.tpl on line 150
2019-10-16 16:54:30 - PHP Notice:  Undefined index: speedy_delivery_fee in /opt/lampp/htdocs/ugollc/admin/view/template/custom_settings/delivery_fee/cash_on_delivery/cod_delivery_fee_list.tpl on line 69
2019-10-16 16:54:30 - PHP Notice:  Undefined index: speedy_delivery_fee in /opt/lampp/htdocs/ugollc/admin/view/template/custom_settings/delivery_fee/cash_on_delivery/cod_delivery_fee_list.tpl on line 69
2019-10-16 16:54:30 - PHP Notice:  Undefined index: speedy_delivery_fee in /opt/lampp/htdocs/ugollc/admin/view/template/custom_settings/delivery_fee/cash_on_delivery/cod_delivery_fee_list.tpl on line 69
2019-10-16 16:54:30 - PHP Notice:  Undefined index: speedy_delivery_fee in /opt/lampp/htdocs/ugollc/admin/view/template/custom_settings/delivery_fee/cash_on_delivery/cod_delivery_fee_list.tpl on line 69
2019-10-16 16:54:30 - PHP Notice:  Undefined index: delete in /opt/lampp/htdocs/ugollc/admin/view/template/custom_settings/delivery_fee/cash_on_delivery/cod_delivery_fee_list.tpl on line 150
2019-10-16 16:54:32 - PHP Notice:  Undefined index: speedy_delivery_fee in /opt/lampp/htdocs/ugollc/admin/view/template/custom_settings/delivery_fee/cash_on_delivery/cod_delivery_fee_list.tpl on line 69
2019-10-16 16:54:32 - PHP Notice:  Undefined index: speedy_delivery_fee in /opt/lampp/htdocs/ugollc/admin/view/template/custom_settings/delivery_fee/cash_on_delivery/cod_delivery_fee_list.tpl on line 69
2019-10-16 16:54:32 - PHP Notice:  Undefined index: speedy_delivery_fee in /opt/lampp/htdocs/ugollc/admin/view/template/custom_settings/delivery_fee/cash_on_delivery/cod_delivery_fee_list.tpl on line 69
2019-10-16 16:54:32 - PHP Notice:  Undefined index: speedy_delivery_fee in /opt/lampp/htdocs/ugollc/admin/view/template/custom_settings/delivery_fee/cash_on_delivery/cod_delivery_fee_list.tpl on line 69
2019-10-16 16:54:32 - PHP Notice:  Undefined index: delete in /opt/lampp/htdocs/ugollc/admin/view/template/custom_settings/delivery_fee/cash_on_delivery/cod_delivery_fee_list.tpl on line 150
2019-10-16 16:54:34 - PHP Notice:  Undefined index: speedy_delivery_fee in /opt/lampp/htdocs/ugollc/admin/view/template/custom_settings/delivery_fee/card_payment/card_payment_fee_list.tpl on line 69
2019-10-16 16:54:34 - PHP Notice:  Undefined index: speedy_delivery_fee in /opt/lampp/htdocs/ugollc/admin/view/template/custom_settings/delivery_fee/card_payment/card_payment_fee_list.tpl on line 69
2019-10-16 16:54:34 - PHP Notice:  Undefined index: speedy_delivery_fee in /opt/lampp/htdocs/ugollc/admin/view/template/custom_settings/delivery_fee/card_payment/card_payment_fee_list.tpl on line 69
2019-10-16 16:54:34 - PHP Notice:  Undefined index: speedy_delivery_fee in /opt/lampp/htdocs/ugollc/admin/view/template/custom_settings/delivery_fee/card_payment/card_payment_fee_list.tpl on line 69
2019-10-16 16:54:34 - PHP Notice:  Undefined index: delete in /opt/lampp/htdocs/ugollc/admin/view/template/custom_settings/delivery_fee/card_payment/card_payment_fee_list.tpl on line 150
2019-10-16 16:54:36 - PHP Notice:  Undefined index: speedy_delivery_fee in /opt/lampp/htdocs/ugollc/admin/view/template/custom_settings/delivery_fee/stripe/stripe_fee_list.tpl on line 69
2019-10-16 16:54:36 - PHP Notice:  Undefined index: speedy_delivery_fee in /opt/lampp/htdocs/ugollc/admin/view/template/custom_settings/delivery_fee/stripe/stripe_fee_list.tpl on line 69
2019-10-16 16:54:36 - PHP Notice:  Undefined index: speedy_delivery_fee in /opt/lampp/htdocs/ugollc/admin/view/template/custom_settings/delivery_fee/stripe/stripe_fee_list.tpl on line 69
2019-10-16 16:54:36 - PHP Notice:  Undefined index: speedy_delivery_fee in /opt/lampp/htdocs/ugollc/admin/view/template/custom_settings/delivery_fee/stripe/stripe_fee_list.tpl on line 69
2019-10-16 16:54:36 - PHP Notice:  Undefined index: delete in /opt/lampp/htdocs/ugollc/admin/view/template/custom_settings/delivery_fee/stripe/stripe_fee_list.tpl on line 150
2019-10-16 16:54:38 - PHP Notice:  Undefined index: speedy_delivery_fee in /opt/lampp/htdocs/ugollc/admin/view/template/custom_settings/delivery_fee/bama_cash/bama_cash_fee_list.tpl on line 69
2019-10-16 16:54:38 - PHP Notice:  Undefined index: speedy_delivery_fee in /opt/lampp/htdocs/ugollc/admin/view/template/custom_settings/delivery_fee/bama_cash/bama_cash_fee_list.tpl on line 69
2019-10-16 16:54:38 - PHP Notice:  Undefined index: speedy_delivery_fee in /opt/lampp/htdocs/ugollc/admin/view/template/custom_settings/delivery_fee/bama_cash/bama_cash_fee_list.tpl on line 69
2019-10-16 16:54:38 - PHP Notice:  Undefined index: speedy_delivery_fee in /opt/lampp/htdocs/ugollc/admin/view/template/custom_settings/delivery_fee/bama_cash/bama_cash_fee_list.tpl on line 69
2019-10-16 16:54:38 - PHP Notice:  Undefined index: delete in /opt/lampp/htdocs/ugollc/admin/view/template/custom_settings/delivery_fee/bama_cash/bama_cash_fee_list.tpl on line 150
2019-10-16 16:54:41 - PHP Notice:  Undefined index: speedy_delivery_fee in /opt/lampp/htdocs/ugollc/admin/view/template/custom_settings/delivery_fee/dinning_dollars/dd_fee_list.tpl on line 69
2019-10-16 16:54:41 - PHP Notice:  Undefined index: speedy_delivery_fee in /opt/lampp/htdocs/ugollc/admin/view/template/custom_settings/delivery_fee/dinning_dollars/dd_fee_list.tpl on line 69
2019-10-16 16:54:41 - PHP Notice:  Undefined index: speedy_delivery_fee in /opt/lampp/htdocs/ugollc/admin/view/template/custom_settings/delivery_fee/dinning_dollars/dd_fee_list.tpl on line 69
2019-10-16 16:54:41 - PHP Notice:  Undefined index: speedy_delivery_fee in /opt/lampp/htdocs/ugollc/admin/view/template/custom_settings/delivery_fee/dinning_dollars/dd_fee_list.tpl on line 69
2019-10-16 16:54:41 - PHP Notice:  Undefined index: delete in /opt/lampp/htdocs/ugollc/admin/view/template/custom_settings/delivery_fee/dinning_dollars/dd_fee_list.tpl on line 150
2019-10-16 16:55:23 - PHP Notice:  Undefined index: speedy_delivery_fee in /opt/lampp/htdocs/ugollc/admin/view/template/custom_settings/delivery_fee/dinning_dollars/dd_fee_list.tpl on line 69
2019-10-16 16:55:23 - PHP Notice:  Undefined index: speedy_delivery_fee in /opt/lampp/htdocs/ugollc/admin/view/template/custom_settings/delivery_fee/dinning_dollars/dd_fee_list.tpl on line 69
2019-10-16 16:55:23 - PHP Notice:  Undefined index: speedy_delivery_fee in /opt/lampp/htdocs/ugollc/admin/view/template/custom_settings/delivery_fee/dinning_dollars/dd_fee_list.tpl on line 69
2019-10-16 16:55:23 - PHP Notice:  Undefined index: speedy_delivery_fee in /opt/lampp/htdocs/ugollc/admin/view/template/custom_settings/delivery_fee/dinning_dollars/dd_fee_list.tpl on line 69
2019-10-16 16:55:23 - PHP Notice:  Undefined index: delete in /opt/lampp/htdocs/ugollc/admin/view/template/custom_settings/delivery_fee/dinning_dollars/dd_fee_list.tpl on line 150
2019-10-16 17:23:35 - PHP Notice:  Error: Could not load template /opt/lampp/htdocs/ugollc/catalog/view/theme/default/template/default/template/checkout/shipping_method.tpl! in /opt/lampp/htdocs/ugollc/system/storage/modification/system/library/template/php.php on line 23
2019-10-16 17:24:04 - PHP Notice:  Error: Could not load template /opt/lampp/htdocs/ugollc/catalog/view/theme/default/template/default/template/checkout/shipping_method.tpl! in /opt/lampp/htdocs/ugollc/system/storage/modification/system/library/template/php.php on line 23
2019-10-16 17:25:05 - PHP Notice:  Undefined variable: speedy_delivery in /opt/lampp/htdocs/ugollc/catalog/view/theme/default/template/checkout/shipping_method.tpl on line 33
2019-10-16 17:35:57 - PHP Notice:  Undefined index: speedy_delivery_fee in /opt/lampp/htdocs/ugollc/admin/view/template/custom_settings/delivery_fee/dinning_dollars/dd_fee_list.tpl on line 69
2019-10-16 17:35:57 - PHP Notice:  Undefined index: speedy_delivery_fee in /opt/lampp/htdocs/ugollc/admin/view/template/custom_settings/delivery_fee/dinning_dollars/dd_fee_list.tpl on line 69
2019-10-16 17:35:57 - PHP Notice:  Undefined index: speedy_delivery_fee in /opt/lampp/htdocs/ugollc/admin/view/template/custom_settings/delivery_fee/dinning_dollars/dd_fee_list.tpl on line 69
2019-10-16 17:35:57 - PHP Notice:  Undefined index: speedy_delivery_fee in /opt/lampp/htdocs/ugollc/admin/view/template/custom_settings/delivery_fee/dinning_dollars/dd_fee_list.tpl on line 69
2019-10-16 17:35:57 - PHP Notice:  Undefined index: delete in /opt/lampp/htdocs/ugollc/admin/view/template/custom_settings/delivery_fee/dinning_dollars/dd_fee_list.tpl on line 150
2019-10-16 17:36:00 - PHP Notice:  Undefined index: speedy_delivery_fee in /opt/lampp/htdocs/ugollc/admin/view/template/custom_settings/delivery_fee/dinning_dollars/dd_fee_list.tpl on line 69
2019-10-16 17:36:00 - PHP Notice:  Undefined index: speedy_delivery_fee in /opt/lampp/htdocs/ugollc/admin/view/template/custom_settings/delivery_fee/dinning_dollars/dd_fee_list.tpl on line 69
2019-10-16 17:36:00 - PHP Notice:  Undefined index: speedy_delivery_fee in /opt/lampp/htdocs/ugollc/admin/view/template/custom_settings/delivery_fee/dinning_dollars/dd_fee_list.tpl on line 69
2019-10-16 17:36:00 - PHP Notice:  Undefined index: speedy_delivery_fee in /opt/lampp/htdocs/ugollc/admin/view/template/custom_settings/delivery_fee/dinning_dollars/dd_fee_list.tpl on line 69
2019-10-16 17:36:00 - PHP Notice:  Undefined index: delete in /opt/lampp/htdocs/ugollc/admin/view/template/custom_settings/delivery_fee/dinning_dollars/dd_fee_list.tpl on line 150
2019-10-16 17:36:06 - PHP Notice:  Undefined index: speedy_delivery_fee in /opt/lampp/htdocs/ugollc/admin/view/template/custom_settings/delivery_fee/dinning_dollars/dd_fee_list.tpl on line 69
2019-10-16 17:36:06 - PHP Notice:  Undefined index: speedy_delivery_fee in /opt/lampp/htdocs/ugollc/admin/view/template/custom_settings/delivery_fee/dinning_dollars/dd_fee_list.tpl on line 69
2019-10-16 17:36:06 - PHP Notice:  Undefined index: speedy_delivery_fee in /opt/lampp/htdocs/ugollc/admin/view/template/custom_settings/delivery_fee/dinning_dollars/dd_fee_list.tpl on line 69
2019-10-16 17:36:06 - PHP Notice:  Undefined index: speedy_delivery_fee in /opt/lampp/htdocs/ugollc/admin/view/template/custom_settings/delivery_fee/dinning_dollars/dd_fee_list.tpl on line 69
2019-10-16 17:36:06 - PHP Notice:  Undefined index: delete in /opt/lampp/htdocs/ugollc/admin/view/template/custom_settings/delivery_fee/dinning_dollars/dd_fee_list.tpl on line 150
2019-10-18 12:12:14 - PHP Notice:  Undefined index: speedy_delivery_fee in /opt/lampp/htdocs/ugollc/admin/view/template/custom_settings/delivery_fee/dinning_dollars/dd_fee_list.tpl on line 69
2019-10-18 12:12:14 - PHP Notice:  Undefined index: speedy_delivery_fee in /opt/lampp/htdocs/ugollc/admin/view/template/custom_settings/delivery_fee/dinning_dollars/dd_fee_list.tpl on line 69
2019-10-18 12:12:14 - PHP Notice:  Undefined index: speedy_delivery_fee in /opt/lampp/htdocs/ugollc/admin/view/template/custom_settings/delivery_fee/dinning_dollars/dd_fee_list.tpl on line 69
2019-10-18 12:12:14 - PHP Notice:  Undefined index: speedy_delivery_fee in /opt/lampp/htdocs/ugollc/admin/view/template/custom_settings/delivery_fee/dinning_dollars/dd_fee_list.tpl on line 69
2019-10-18 12:12:14 - PHP Notice:  Undefined index: delete in /opt/lampp/htdocs/ugollc/admin/view/template/custom_settings/delivery_fee/dinning_dollars/dd_fee_list.tpl on line 150
2019-10-18 12:12:30 - PHP Notice:  Undefined index: speedy_delivery_fee in /opt/lampp/htdocs/ugollc/admin/view/template/custom_settings/delivery_fee/dinning_dollars/dd_fee_list.tpl on line 69
2019-10-18 12:12:30 - PHP Notice:  Undefined index: speedy_delivery_fee in /opt/lampp/htdocs/ugollc/admin/view/template/custom_settings/delivery_fee/dinning_dollars/dd_fee_list.tpl on line 69
2019-10-18 12:12:30 - PHP Notice:  Undefined index: speedy_delivery_fee in /opt/lampp/htdocs/ugollc/admin/view/template/custom_settings/delivery_fee/dinning_dollars/dd_fee_list.tpl on line 69
2019-10-18 12:12:30 - PHP Notice:  Undefined index: speedy_delivery_fee in /opt/lampp/htdocs/ugollc/admin/view/template/custom_settings/delivery_fee/dinning_dollars/dd_fee_list.tpl on line 69
2019-10-18 12:12:30 - PHP Notice:  Undefined index: delete in /opt/lampp/htdocs/ugollc/admin/view/template/custom_settings/delivery_fee/dinning_dollars/dd_fee_list.tpl on line 150
2019-10-18 12:21:20 - PHP Notice:  Undefined index: speedy_delivery_fee in /opt/lampp/htdocs/ugollc/admin/view/template/custom_settings/delivery_fee/dinning_dollars/dd_fee_list.tpl on line 69
2019-10-18 12:21:20 - PHP Notice:  Undefined index: speedy_delivery_fee in /opt/lampp/htdocs/ugollc/admin/view/template/custom_settings/delivery_fee/dinning_dollars/dd_fee_list.tpl on line 69
2019-10-18 12:21:20 - PHP Notice:  Undefined index: speedy_delivery_fee in /opt/lampp/htdocs/ugollc/admin/view/template/custom_settings/delivery_fee/dinning_dollars/dd_fee_list.tpl on line 69
2019-10-18 12:21:20 - PHP Notice:  Undefined index: speedy_delivery_fee in /opt/lampp/htdocs/ugollc/admin/view/template/custom_settings/delivery_fee/dinning_dollars/dd_fee_list.tpl on line 69
2019-10-18 12:21:20 - PHP Notice:  Undefined index: delete in /opt/lampp/htdocs/ugollc/admin/view/template/custom_settings/delivery_fee/dinning_dollars/dd_fee_list.tpl on line 150
2019-10-18 12:21:28 - PHP Notice:  Undefined index: speedy_delivery_fee in /opt/lampp/htdocs/ugollc/admin/view/template/custom_settings/delivery_fee/dinning_dollars/dd_fee_list.tpl on line 69
2019-10-18 12:21:28 - PHP Notice:  Undefined index: speedy_delivery_fee in /opt/lampp/htdocs/ugollc/admin/view/template/custom_settings/delivery_fee/dinning_dollars/dd_fee_list.tpl on line 69
2019-10-18 12:21:28 - PHP Notice:  Undefined index: speedy_delivery_fee in /opt/lampp/htdocs/ugollc/admin/view/template/custom_settings/delivery_fee/dinning_dollars/dd_fee_list.tpl on line 69
2019-10-18 12:21:28 - PHP Notice:  Undefined index: speedy_delivery_fee in /opt/lampp/htdocs/ugollc/admin/view/template/custom_settings/delivery_fee/dinning_dollars/dd_fee_list.tpl on line 69
2019-10-18 12:21:28 - PHP Notice:  Undefined index: delete in /opt/lampp/htdocs/ugollc/admin/view/template/custom_settings/delivery_fee/dinning_dollars/dd_fee_list.tpl on line 150
2019-10-18 12:21:33 - PHP Notice:  Undefined index: speedy_delivery_fee in /opt/lampp/htdocs/ugollc/admin/view/template/custom_settings/delivery_fee/dinning_dollars/dd_fee_list.tpl on line 69
2019-10-18 12:21:33 - PHP Notice:  Undefined index: speedy_delivery_fee in /opt/lampp/htdocs/ugollc/admin/view/template/custom_settings/delivery_fee/dinning_dollars/dd_fee_list.tpl on line 69
2019-10-18 12:21:33 - PHP Notice:  Undefined index: speedy_delivery_fee in /opt/lampp/htdocs/ugollc/admin/view/template/custom_settings/delivery_fee/dinning_dollars/dd_fee_list.tpl on line 69
2019-10-18 12:21:33 - PHP Notice:  Undefined index: speedy_delivery_fee in /opt/lampp/htdocs/ugollc/admin/view/template/custom_settings/delivery_fee/dinning_dollars/dd_fee_list.tpl on line 69
2019-10-18 12:21:33 - PHP Notice:  Undefined index: delete in /opt/lampp/htdocs/ugollc/admin/view/template/custom_settings/delivery_fee/dinning_dollars/dd_fee_list.tpl on line 150
2019-10-18 12:33:47 - PHP Notice:  Undefined index: speedy_delivery_fee in /opt/lampp/htdocs/ugollc/admin/view/template/custom_settings/delivery_fee/dinning_dollars/dd_fee_list.tpl on line 69
2019-10-18 12:33:47 - PHP Notice:  Undefined index: speedy_delivery_fee in /opt/lampp/htdocs/ugollc/admin/view/template/custom_settings/delivery_fee/dinning_dollars/dd_fee_list.tpl on line 69
2019-10-18 12:33:47 - PHP Notice:  Undefined index: speedy_delivery_fee in /opt/lampp/htdocs/ugollc/admin/view/template/custom_settings/delivery_fee/dinning_dollars/dd_fee_list.tpl on line 69
2019-10-18 12:33:47 - PHP Notice:  Undefined index: speedy_delivery_fee in /opt/lampp/htdocs/ugollc/admin/view/template/custom_settings/delivery_fee/dinning_dollars/dd_fee_list.tpl on line 69
2019-10-18 12:33:47 - PHP Notice:  Undefined index: delete in /opt/lampp/htdocs/ugollc/admin/view/template/custom_settings/delivery_fee/dinning_dollars/dd_fee_list.tpl on line 150
2019-10-18 13:30:10 - PHP Notice:  Undefined index: speedy_fee in /opt/lampp/htdocs/ugollc/catalog/model/extension/total/speedy_fee.php on line 7
2019-10-18 13:30:10 - PHP Notice:  Undefined index: speedy_fee in /opt/lampp/htdocs/ugollc/catalog/model/extension/total/speedy_fee.php on line 8
2019-10-18 13:30:54 - PHP Notice:  Undefined index: speedy_fee in /opt/lampp/htdocs/ugollc/catalog/model/extension/total/speedy_fee.php on line 7
2019-10-18 13:30:54 - PHP Notice:  Undefined index: speedy_fee in /opt/lampp/htdocs/ugollc/catalog/model/extension/total/speedy_fee.php on line 8
2019-10-18 13:39:31 - PHP Notice:  Undefined index: speedy_fee in /opt/lampp/htdocs/ugollc/catalog/model/extension/total/speedy_fee.php on line 7
2019-10-18 13:39:31 - PHP Notice:  Undefined index: speedy_fee in /opt/lampp/htdocs/ugollc/catalog/model/extension/total/speedy_fee.php on line 8
2019-10-18 13:40:20 - PHP Notice:  Undefined index: speedy_fee in /opt/lampp/htdocs/ugollc/catalog/model/extension/total/speedy_fee.php on line 7
2019-10-18 13:40:20 - PHP Notice:  Undefined index: speedy_fee in /opt/lampp/htdocs/ugollc/catalog/model/extension/total/speedy_fee.php on line 8
2019-10-18 13:43:37 - PHP Notice:  Undefined index: speedy_delivery_fee in /opt/lampp/htdocs/ugollc/catalog/model/extension/total/speedy_fee.php on line 13
2019-10-18 13:45:56 - PHP Notice:  Undefined index: speedy_delivery_fee in /opt/lampp/htdocs/ugollc/admin/view/template/custom_settings/delivery_fee/dinning_dollars/dd_fee_list.tpl on line 69
2019-10-18 13:45:56 - PHP Notice:  Undefined index: speedy_delivery_fee in /opt/lampp/htdocs/ugollc/admin/view/template/custom_settings/delivery_fee/dinning_dollars/dd_fee_list.tpl on line 69
2019-10-18 13:45:56 - PHP Notice:  Undefined index: speedy_delivery_fee in /opt/lampp/htdocs/ugollc/admin/view/template/custom_settings/delivery_fee/dinning_dollars/dd_fee_list.tpl on line 69
2019-10-18 13:45:56 - PHP Notice:  Undefined index: speedy_delivery_fee in /opt/lampp/htdocs/ugollc/admin/view/template/custom_settings/delivery_fee/dinning_dollars/dd_fee_list.tpl on line 69
2019-10-18 13:45:56 - PHP Notice:  Undefined index: delete in /opt/lampp/htdocs/ugollc/admin/view/template/custom_settings/delivery_fee/dinning_dollars/dd_fee_list.tpl on line 150
2019-10-18 13:46:11 - PHP Notice:  Undefined index: speedy_delivery_fee in /opt/lampp/htdocs/ugollc/admin/view/template/custom_settings/delivery_fee/dinning_dollars/dd_fee_list.tpl on line 69
2019-10-18 13:46:11 - PHP Notice:  Undefined index: speedy_delivery_fee in /opt/lampp/htdocs/ugollc/admin/view/template/custom_settings/delivery_fee/dinning_dollars/dd_fee_list.tpl on line 69
2019-10-18 13:46:11 - PHP Notice:  Undefined index: speedy_delivery_fee in /opt/lampp/htdocs/ugollc/admin/view/template/custom_settings/delivery_fee/dinning_dollars/dd_fee_list.tpl on line 69
2019-10-18 13:46:11 - PHP Notice:  Undefined index: speedy_delivery_fee in /opt/lampp/htdocs/ugollc/admin/view/template/custom_settings/delivery_fee/dinning_dollars/dd_fee_list.tpl on line 69
2019-10-18 13:46:11 - PHP Notice:  Undefined index: delete in /opt/lampp/htdocs/ugollc/admin/view/template/custom_settings/delivery_fee/dinning_dollars/dd_fee_list.tpl on line 150
2019-10-18 13:56:29 - PHP Notice:  Undefined index: speedy_delivery in /opt/lampp/htdocs/ugollc/catalog/model/extension/shipping/flat.php on line 88
2019-10-18 14:13:14 - PHP Notice:  Undefined index: speedy_delivery_fee in /opt/lampp/htdocs/ugollc/admin/view/template/custom_settings/delivery_fee/dinning_dollars/dd_fee_list.tpl on line 69
2019-10-18 14:13:14 - PHP Notice:  Undefined index: speedy_delivery_fee in /opt/lampp/htdocs/ugollc/admin/view/template/custom_settings/delivery_fee/dinning_dollars/dd_fee_list.tpl on line 69
2019-10-18 14:13:14 - PHP Notice:  Undefined index: speedy_delivery_fee in /opt/lampp/htdocs/ugollc/admin/view/template/custom_settings/delivery_fee/dinning_dollars/dd_fee_list.tpl on line 69
2019-10-18 14:13:14 - PHP Notice:  Undefined index: speedy_delivery_fee in /opt/lampp/htdocs/ugollc/admin/view/template/custom_settings/delivery_fee/dinning_dollars/dd_fee_list.tpl on line 69
2019-10-18 14:13:14 - PHP Notice:  Undefined index: delete in /opt/lampp/htdocs/ugollc/admin/view/template/custom_settings/delivery_fee/dinning_dollars/dd_fee_list.tpl on line 150
2019-10-18 14:13:27 - PHP Notice:  Undefined index: title in /opt/lampp/htdocs/ugollc/catalog/model/extension/total/distance_fee.php on line 7
2019-10-18 14:13:55 - PHP Notice:  Undefined index: speedy_delivery_fee in /opt/lampp/htdocs/ugollc/admin/view/template/custom_settings/delivery_fee/dinning_dollars/dd_fee_list.tpl on line 69
2019-10-18 14:13:55 - PHP Notice:  Undefined index: speedy_delivery_fee in /opt/lampp/htdocs/ugollc/admin/view/template/custom_settings/delivery_fee/dinning_dollars/dd_fee_list.tpl on line 69
2019-10-18 14:13:55 - PHP Notice:  Undefined index: speedy_delivery_fee in /opt/lampp/htdocs/ugollc/admin/view/template/custom_settings/delivery_fee/dinning_dollars/dd_fee_list.tpl on line 69
2019-10-18 14:13:55 - PHP Notice:  Undefined index: speedy_delivery_fee in /opt/lampp/htdocs/ugollc/admin/view/template/custom_settings/delivery_fee/dinning_dollars/dd_fee_list.tpl on line 69
2019-10-18 14:13:55 - PHP Notice:  Undefined index: delete in /opt/lampp/htdocs/ugollc/admin/view/template/custom_settings/delivery_fee/dinning_dollars/dd_fee_list.tpl on line 150
2019-10-18 14:14:28 - PHP Notice:  Undefined index: title in /opt/lampp/htdocs/ugollc/catalog/model/extension/total/distance_fee.php on line 7
2019-10-18 14:15:22 - PHP Notice:  Undefined index: title in /opt/lampp/htdocs/ugollc/catalog/model/extension/total/distance_fee.php on line 7
2019-10-18 14:15:56 - PHP Notice:  Undefined index: title in /opt/lampp/htdocs/ugollc/catalog/model/extension/total/distance_fee.php on line 7
2019-10-18 14:30:16 - PHP Notice:  Undefined index: speedy_delivery_fee in /opt/lampp/htdocs/ugollc/admin/view/template/custom_settings/delivery_fee/dinning_dollars/dd_fee_list.tpl on line 69
2019-10-18 14:30:16 - PHP Notice:  Undefined index: speedy_delivery_fee in /opt/lampp/htdocs/ugollc/admin/view/template/custom_settings/delivery_fee/dinning_dollars/dd_fee_list.tpl on line 69
2019-10-18 14:30:16 - PHP Notice:  Undefined index: speedy_delivery_fee in /opt/lampp/htdocs/ugollc/admin/view/template/custom_settings/delivery_fee/dinning_dollars/dd_fee_list.tpl on line 69
2019-10-18 14:30:16 - PHP Notice:  Undefined index: speedy_delivery_fee in /opt/lampp/htdocs/ugollc/admin/view/template/custom_settings/delivery_fee/dinning_dollars/dd_fee_list.tpl on line 69
2019-10-18 14:30:16 - PHP Notice:  Undefined index: delete in /opt/lampp/htdocs/ugollc/admin/view/template/custom_settings/delivery_fee/dinning_dollars/dd_fee_list.tpl on line 150
2019-10-18 14:30:25 - PHP Notice:  Undefined index: speedy_delivery_fee in /opt/lampp/htdocs/ugollc/admin/view/template/custom_settings/delivery_fee/dinning_dollars/dd_fee_list.tpl on line 69
2019-10-18 14:30:25 - PHP Notice:  Undefined index: speedy_delivery_fee in /opt/lampp/htdocs/ugollc/admin/view/template/custom_settings/delivery_fee/dinning_dollars/dd_fee_list.tpl on line 69
2019-10-18 14:30:25 - PHP Notice:  Undefined index: speedy_delivery_fee in /opt/lampp/htdocs/ugollc/admin/view/template/custom_settings/delivery_fee/dinning_dollars/dd_fee_list.tpl on line 69
2019-10-18 14:30:25 - PHP Notice:  Undefined index: speedy_delivery_fee in /opt/lampp/htdocs/ugollc/admin/view/template/custom_settings/delivery_fee/dinning_dollars/dd_fee_list.tpl on line 69
2019-10-18 14:30:25 - PHP Notice:  Undefined index: delete in /opt/lampp/htdocs/ugollc/admin/view/template/custom_settings/delivery_fee/dinning_dollars/dd_fee_list.tpl on line 150
2019-10-18 14:31:11 - PHP Notice:  Undefined index: speedy_delivery_fee in /opt/lampp/htdocs/ugollc/admin/view/template/custom_settings/delivery_fee/dinning_dollars/dd_fee_list.tpl on line 69
2019-10-18 14:31:11 - PHP Notice:  Undefined index: speedy_delivery_fee in /opt/lampp/htdocs/ugollc/admin/view/template/custom_settings/delivery_fee/dinning_dollars/dd_fee_list.tpl on line 69
2019-10-18 14:31:11 - PHP Notice:  Undefined index: speedy_delivery_fee in /opt/lampp/htdocs/ugollc/admin/view/template/custom_settings/delivery_fee/dinning_dollars/dd_fee_list.tpl on line 69
2019-10-18 14:31:11 - PHP Notice:  Undefined index: speedy_delivery_fee in /opt/lampp/htdocs/ugollc/admin/view/template/custom_settings/delivery_fee/dinning_dollars/dd_fee_list.tpl on line 69
2019-10-18 14:31:11 - PHP Notice:  Undefined index: delete in /opt/lampp/htdocs/ugollc/admin/view/template/custom_settings/delivery_fee/dinning_dollars/dd_fee_list.tpl on line 150
2019-10-18 14:37:39 - PHP Notice:  Undefined index: speedy_delivery_fee in /opt/lampp/htdocs/ugollc/admin/view/template/custom_settings/delivery_fee/dinning_dollars/dd_fee_list.tpl on line 69
2019-10-18 14:37:39 - PHP Notice:  Undefined index: speedy_delivery_fee in /opt/lampp/htdocs/ugollc/admin/view/template/custom_settings/delivery_fee/dinning_dollars/dd_fee_list.tpl on line 69
2019-10-18 14:37:39 - PHP Notice:  Undefined index: speedy_delivery_fee in /opt/lampp/htdocs/ugollc/admin/view/template/custom_settings/delivery_fee/dinning_dollars/dd_fee_list.tpl on line 69
2019-10-18 14:37:39 - PHP Notice:  Undefined index: speedy_delivery_fee in /opt/lampp/htdocs/ugollc/admin/view/template/custom_settings/delivery_fee/dinning_dollars/dd_fee_list.tpl on line 69
2019-10-18 14:37:39 - PHP Notice:  Undefined index: delete in /opt/lampp/htdocs/ugollc/admin/view/template/custom_settings/delivery_fee/dinning_dollars/dd_fee_list.tpl on line 150
2019-10-18 14:39:18 - PHP Notice:  Undefined index: shipping_method in /opt/lampp/htdocs/ugollc/catalog/model/extension/total/speedy_fee.php on line 12
2019-10-18 14:39:18 - PHP Notice:  Undefined index: shipping_method in /opt/lampp/htdocs/ugollc/catalog/model/extension/total/distance_fee.php on line 12
2019-10-18 14:42:53 - PHP Notice:  Undefined index: tax_class_id in /opt/lampp/htdocs/ugollc/catalog/model/extension/total/speedy_fee.php on line 12
2019-10-18 14:42:53 - PHP Notice:  Undefined index: tax_class_id in /opt/lampp/htdocs/ugollc/catalog/model/extension/total/distance_fee.php on line 12
2019-10-18 14:42:56 - PHP Notice:  Undefined index: tax_class_id in /opt/lampp/htdocs/ugollc/catalog/model/extension/total/speedy_fee.php on line 12
2019-10-18 14:42:56 - PHP Notice:  Undefined index: tax_class_id in /opt/lampp/htdocs/ugollc/catalog/model/extension/total/distance_fee.php on line 12
2019-10-18 14:44:23 - PHP Notice:  Undefined index: tax_class_id in /opt/lampp/htdocs/ugollc/catalog/model/extension/total/speedy_fee.php on line 12
2019-10-18 14:44:23 - PHP Notice:  Undefined index: tax_class_id in /opt/lampp/htdocs/ugollc/catalog/model/extension/total/distance_fee.php on line 12
2019-10-18 14:45:31 - PHP Notice:  Undefined index: tax_class_id in /opt/lampp/htdocs/ugollc/catalog/model/extension/total/speedy_fee.php on line 12
2019-10-18 14:45:31 - PHP Notice:  Undefined index: tax_class_id in /opt/lampp/htdocs/ugollc/catalog/model/extension/total/distance_fee.php on line 12
2019-10-18 14:45:33 - PHP Notice:  Undefined index: tax_class_id in /opt/lampp/htdocs/ugollc/catalog/model/extension/total/speedy_fee.php on line 12
2019-10-18 14:45:33 - PHP Notice:  Undefined index: tax_class_id in /opt/lampp/htdocs/ugollc/catalog/model/extension/total/distance_fee.php on line 12
2019-10-18 14:45:35 - PHP Notice:  Undefined index: tax_class_id in /opt/lampp/htdocs/ugollc/catalog/model/extension/total/speedy_fee.php on line 12
2019-10-18 14:45:35 - PHP Notice:  Undefined index: tax_class_id in /opt/lampp/htdocs/ugollc/catalog/model/extension/total/distance_fee.php on line 12
2019-10-18 14:46:31 - PHP Notice:  Undefined index: tax_class_id in /opt/lampp/htdocs/ugollc/catalog/model/extension/total/speedy_fee.php on line 12
2019-10-18 14:46:31 - PHP Notice:  Undefined index: tax_class_id in /opt/lampp/htdocs/ugollc/catalog/model/extension/total/distance_fee.php on line 12
2019-10-18 14:46:45 - PHP Notice:  Undefined index: tax_class_id in /opt/lampp/htdocs/ugollc/catalog/model/extension/total/speedy_fee.php on line 12
2019-10-18 14:46:45 - PHP Notice:  Undefined index: tax_class_id in /opt/lampp/htdocs/ugollc/catalog/model/extension/total/distance_fee.php on line 12
2019-10-18 14:49:05 - PHP Notice:  Undefined index: tax_class_id in /opt/lampp/htdocs/ugollc/catalog/model/extension/total/speedy_fee.php on line 12
2019-10-18 14:49:05 - PHP Notice:  Undefined index: tax_class_id in /opt/lampp/htdocs/ugollc/catalog/model/extension/total/distance_fee.php on line 12
2019-10-18 14:49:24 - PHP Notice:  Undefined index: tax_class_id in /opt/lampp/htdocs/ugollc/catalog/model/extension/total/speedy_fee.php on line 12
2019-10-18 14:49:24 - PHP Notice:  Undefined index: tax_class_id in /opt/lampp/htdocs/ugollc/catalog/model/extension/total/distance_fee.php on line 12
2019-10-18 14:49:28 - PHP Notice:  Undefined index: tax_class_id in /opt/lampp/htdocs/ugollc/catalog/model/extension/total/speedy_fee.php on line 12
2019-10-18 14:49:28 - PHP Notice:  Undefined index: tax_class_id in /opt/lampp/htdocs/ugollc/catalog/model/extension/total/distance_fee.php on line 12
2019-10-18 14:49:57 - PHP Notice:  Undefined index: shipping_method in /opt/lampp/htdocs/ugollc/catalog/model/extension/total/speedy_fee.php on line 12
2019-10-18 14:49:57 - PHP Notice:  Undefined index: shipping_method in /opt/lampp/htdocs/ugollc/catalog/model/extension/total/distance_fee.php on line 12
2019-10-18 14:50:17 - PHP Notice:  Undefined index: shipping_method in /opt/lampp/htdocs/ugollc/catalog/model/extension/total/distance_fee.php on line 12
2019-10-18 14:51:22 - PHP Notice:  Undefined index: shipping_method in /opt/lampp/htdocs/ugollc/catalog/model/extension/total/speedy_fee.php on line 12
2019-10-18 14:51:22 - PHP Notice:  Undefined index: shipping_method in /opt/lampp/htdocs/ugollc/catalog/model/extension/total/distance_fee.php on line 12
2019-10-18 14:51:56 - PHP Notice:  Undefined index: shipping_method in /opt/lampp/htdocs/ugollc/catalog/model/extension/total/speedy_fee.php on line 12
2019-10-18 14:51:56 - PHP Notice:  Undefined index: shipping_method in /opt/lampp/htdocs/ugollc/catalog/model/extension/total/distance_fee.php on line 12
2019-10-18 14:54:26 - PHP Notice:  Undefined index: shipping_method in /opt/lampp/htdocs/ugollc/catalog/model/extension/total/speedy_fee.php on line 12
2019-10-18 14:54:26 - PHP Notice:  Undefined index: shipping_method in /opt/lampp/htdocs/ugollc/catalog/model/extension/total/distance_fee.php on line 12
2019-10-18 14:54:35 - PHP Notice:  Undefined index: shipping_method in /opt/lampp/htdocs/ugollc/catalog/model/extension/total/speedy_fee.php on line 12
2019-10-18 14:54:35 - PHP Notice:  Undefined index: shipping_method in /opt/lampp/htdocs/ugollc/catalog/model/extension/total/distance_fee.php on line 12
2019-10-18 14:54:37 - PHP Notice:  Undefined index: shipping_method in /opt/lampp/htdocs/ugollc/catalog/model/extension/total/speedy_fee.php on line 12
2019-10-18 14:54:37 - PHP Notice:  Undefined index: shipping_method in /opt/lampp/htdocs/ugollc/catalog/model/extension/total/distance_fee.php on line 12
2019-10-18 14:55:39 - PHP Notice:  Undefined index: tax_class_id in /opt/lampp/htdocs/ugollc/catalog/model/extension/total/speedy_fee.php on line 13
2019-10-18 14:55:39 - PHP Notice:  Undefined index: shipping_method in /opt/lampp/htdocs/ugollc/catalog/model/extension/total/distance_fee.php on line 13
2019-10-21 12:08:13 - PHP Notice:  Undefined index: product in /opt/lampp/htdocs/ugollc/catalog/model/extension/total/coupon.php on line 119
2019-10-21 12:08:13 - PHP Notice:  Undefined index: type in /opt/lampp/htdocs/ugollc/catalog/model/extension/total/coupon.php on line 131
2019-10-21 12:08:13 - PHP Notice:  Undefined index: product in /opt/lampp/htdocs/ugollc/catalog/model/extension/total/coupon.php on line 138
2019-10-21 12:08:13 - PHP Notice:  Undefined index: type in /opt/lampp/htdocs/ugollc/catalog/model/extension/total/coupon.php on line 145
2019-10-21 12:08:13 - PHP Notice:  Undefined index: type in /opt/lampp/htdocs/ugollc/catalog/model/extension/total/coupon.php on line 147
2019-10-21 12:08:13 - PHP Notice:  Undefined index: product in /opt/lampp/htdocs/ugollc/catalog/model/extension/total/coupon.php on line 138
2019-10-21 12:08:13 - PHP Notice:  Undefined index: type in /opt/lampp/htdocs/ugollc/catalog/model/extension/total/coupon.php on line 145
2019-10-21 12:08:13 - PHP Notice:  Undefined index: type in /opt/lampp/htdocs/ugollc/catalog/model/extension/total/coupon.php on line 147
2019-10-21 12:08:13 - PHP Notice:  Undefined index: shipping in /opt/lampp/htdocs/ugollc/catalog/model/extension/total/coupon.php on line 165
2019-10-21 12:08:14 - PHP Notice:  Undefined index: product in /opt/lampp/htdocs/ugollc/catalog/model/extension/total/coupon.php on line 119
2019-10-21 12:08:14 - PHP Notice:  Undefined index: type in /opt/lampp/htdocs/ugollc/catalog/model/extension/total/coupon.php on line 131
2019-10-21 12:08:14 - PHP Notice:  Undefined index: product in /opt/lampp/htdocs/ugollc/catalog/model/extension/total/coupon.php on line 138
2019-10-21 12:08:14 - PHP Notice:  Undefined index: type in /opt/lampp/htdocs/ugollc/catalog/model/extension/total/coupon.php on line 145
2019-10-21 12:08:14 - PHP Notice:  Undefined index: type in /opt/lampp/htdocs/ugollc/catalog/model/extension/total/coupon.php on line 147
2019-10-21 12:08:14 - PHP Notice:  Undefined index: product in /opt/lampp/htdocs/ugollc/catalog/model/extension/total/coupon.php on line 138
2019-10-21 12:08:14 - PHP Notice:  Undefined index: type in /opt/lampp/htdocs/ugollc/catalog/model/extension/total/coupon.php on line 145
2019-10-21 12:08:14 - PHP Notice:  Undefined index: type in /opt/lampp/htdocs/ugollc/catalog/model/extension/total/coupon.php on line 147
2019-10-21 12:08:14 - PHP Notice:  Undefined index: shipping in /opt/lampp/htdocs/ugollc/catalog/model/extension/total/coupon.php on line 165
2019-10-21 12:12:21 - PHP Notice:  Undefined index: product in /opt/lampp/htdocs/ugollc/catalog/model/extension/total/coupon.php on line 118
2019-10-21 12:12:21 - PHP Notice:  Undefined index: type in /opt/lampp/htdocs/ugollc/catalog/model/extension/total/coupon.php on line 130
2019-10-21 12:12:21 - PHP Notice:  Undefined index: product in /opt/lampp/htdocs/ugollc/catalog/model/extension/total/coupon.php on line 137
2019-10-21 12:12:21 - PHP Notice:  Undefined index: type in /opt/lampp/htdocs/ugollc/catalog/model/extension/total/coupon.php on line 144
2019-10-21 12:12:21 - PHP Notice:  Undefined index: type in /opt/lampp/htdocs/ugollc/catalog/model/extension/total/coupon.php on line 146
2019-10-21 12:12:21 - PHP Notice:  Undefined index: product in /opt/lampp/htdocs/ugollc/catalog/model/extension/total/coupon.php on line 137
2019-10-21 12:12:21 - PHP Notice:  Undefined index: type in /opt/lampp/htdocs/ugollc/catalog/model/extension/total/coupon.php on line 144
2019-10-21 12:12:21 - PHP Notice:  Undefined index: type in /opt/lampp/htdocs/ugollc/catalog/model/extension/total/coupon.php on line 146
2019-10-21 12:12:21 - PHP Notice:  Undefined index: shipping in /opt/lampp/htdocs/ugollc/catalog/model/extension/total/coupon.php on line 164
2019-10-21 12:12:21 - PHP Notice:  Undefined index: product in /opt/lampp/htdocs/ugollc/catalog/model/extension/total/coupon.php on line 118
2019-10-21 12:12:21 - PHP Notice:  Undefined index: type in /opt/lampp/htdocs/ugollc/catalog/model/extension/total/coupon.php on line 130
2019-10-21 12:12:21 - PHP Notice:  Undefined index: product in /opt/lampp/htdocs/ugollc/catalog/model/extension/total/coupon.php on line 137
2019-10-21 12:12:21 - PHP Notice:  Undefined index: type in /opt/lampp/htdocs/ugollc/catalog/model/extension/total/coupon.php on line 144
2019-10-21 12:12:21 - PHP Notice:  Undefined index: type in /opt/lampp/htdocs/ugollc/catalog/model/extension/total/coupon.php on line 146
2019-10-21 12:12:21 - PHP Notice:  Undefined index: product in /opt/lampp/htdocs/ugollc/catalog/model/extension/total/coupon.php on line 137
2019-10-21 12:12:21 - PHP Notice:  Undefined index: type in /opt/lampp/htdocs/ugollc/catalog/model/extension/total/coupon.php on line 144
2019-10-21 12:12:21 - PHP Notice:  Undefined index: type in /opt/lampp/htdocs/ugollc/catalog/model/extension/total/coupon.php on line 146
2019-10-21 12:12:21 - PHP Notice:  Undefined index: shipping in /opt/lampp/htdocs/ugollc/catalog/model/extension/total/coupon.php on line 164
2019-10-21 12:17:09 - PHP Notice:  Undefined index: product in /opt/lampp/htdocs/ugollc/catalog/model/extension/total/coupon.php on line 118
2019-10-21 12:17:09 - PHP Notice:  Undefined index: type in /opt/lampp/htdocs/ugollc/catalog/model/extension/total/coupon.php on line 130
2019-10-21 12:17:09 - PHP Notice:  Undefined index: product in /opt/lampp/htdocs/ugollc/catalog/model/extension/total/coupon.php on line 137
2019-10-21 12:17:09 - PHP Notice:  Undefined index: type in /opt/lampp/htdocs/ugollc/catalog/model/extension/total/coupon.php on line 144
2019-10-21 12:17:09 - PHP Notice:  Undefined index: type in /opt/lampp/htdocs/ugollc/catalog/model/extension/total/coupon.php on line 146
2019-10-21 12:17:09 - PHP Notice:  Undefined index: product in /opt/lampp/htdocs/ugollc/catalog/model/extension/total/coupon.php on line 137
2019-10-21 12:17:09 - PHP Notice:  Undefined index: type in /opt/lampp/htdocs/ugollc/catalog/model/extension/total/coupon.php on line 144
2019-10-21 12:17:09 - PHP Notice:  Undefined index: type in /opt/lampp/htdocs/ugollc/catalog/model/extension/total/coupon.php on line 146
2019-10-21 12:17:09 - PHP Notice:  Undefined index: shipping in /opt/lampp/htdocs/ugollc/catalog/model/extension/total/coupon.php on line 164
2019-10-21 12:17:18 - PHP Notice:  Undefined index: product in /opt/lampp/htdocs/ugollc/catalog/model/extension/total/coupon.php on line 118
2019-10-21 12:17:18 - PHP Notice:  Undefined index: type in /opt/lampp/htdocs/ugollc/catalog/model/extension/total/coupon.php on line 130
2019-10-21 12:17:18 - PHP Notice:  Undefined index: product in /opt/lampp/htdocs/ugollc/catalog/model/extension/total/coupon.php on line 137
2019-10-21 12:17:18 - PHP Notice:  Undefined index: type in /opt/lampp/htdocs/ugollc/catalog/model/extension/total/coupon.php on line 144
2019-10-21 12:17:18 - PHP Notice:  Undefined index: type in /opt/lampp/htdocs/ugollc/catalog/model/extension/total/coupon.php on line 146
2019-10-21 12:17:18 - PHP Notice:  Undefined index: product in /opt/lampp/htdocs/ugollc/catalog/model/extension/total/coupon.php on line 137
2019-10-21 12:17:18 - PHP Notice:  Undefined index: type in /opt/lampp/htdocs/ugollc/catalog/model/extension/total/coupon.php on line 144
2019-10-21 12:17:18 - PHP Notice:  Undefined index: type in /opt/lampp/htdocs/ugollc/catalog/model/extension/total/coupon.php on line 146
2019-10-21 12:17:18 - PHP Notice:  Undefined index: shipping in /opt/lampp/htdocs/ugollc/catalog/model/extension/total/coupon.php on line 164
2019-10-21 12:17:18 - PHP Notice:  Undefined index: product in /opt/lampp/htdocs/ugollc/catalog/model/extension/total/coupon.php on line 118
2019-10-21 12:17:18 - PHP Notice:  Undefined index: type in /opt/lampp/htdocs/ugollc/catalog/model/extension/total/coupon.php on line 130
2019-10-21 12:17:18 - PHP Notice:  Undefined index: product in /opt/lampp/htdocs/ugollc/catalog/model/extension/total/coupon.php on line 137
2019-10-21 12:17:18 - PHP Notice:  Undefined index: type in /opt/lampp/htdocs/ugollc/catalog/model/extension/total/coupon.php on line 144
2019-10-21 12:17:18 - PHP Notice:  Undefined index: type in /opt/lampp/htdocs/ugollc/catalog/model/extension/total/coupon.php on line 146
2019-10-21 12:17:18 - PHP Notice:  Undefined index: product in /opt/lampp/htdocs/ugollc/catalog/model/extension/total/coupon.php on line 137
2019-10-21 12:17:18 - PHP Notice:  Undefined index: type in /opt/lampp/htdocs/ugollc/catalog/model/extension/total/coupon.php on line 144
2019-10-21 12:17:18 - PHP Notice:  Undefined index: type in /opt/lampp/htdocs/ugollc/catalog/model/extension/total/coupon.php on line 146
2019-10-21 12:17:18 - PHP Notice:  Undefined index: shipping in /opt/lampp/htdocs/ugollc/catalog/model/extension/total/coupon.php on line 164
2019-10-21 12:17:30 - PHP Notice:  Undefined index: product in /opt/lampp/htdocs/ugollc/catalog/model/extension/total/coupon.php on line 118
2019-10-21 12:17:30 - PHP Notice:  Undefined index: type in /opt/lampp/htdocs/ugollc/catalog/model/extension/total/coupon.php on line 130
2019-10-21 12:17:30 - PHP Notice:  Undefined index: product in /opt/lampp/htdocs/ugollc/catalog/model/extension/total/coupon.php on line 137
2019-10-21 12:17:30 - PHP Notice:  Undefined index: type in /opt/lampp/htdocs/ugollc/catalog/model/extension/total/coupon.php on line 144
2019-10-21 12:17:30 - PHP Notice:  Undefined index: type in /opt/lampp/htdocs/ugollc/catalog/model/extension/total/coupon.php on line 146
2019-10-21 12:17:30 - PHP Notice:  Undefined index: product in /opt/lampp/htdocs/ugollc/catalog/model/extension/total/coupon.php on line 137
2019-10-21 12:17:30 - PHP Notice:  Undefined index: type in /opt/lampp/htdocs/ugollc/catalog/model/extension/total/coupon.php on line 144
2019-10-21 12:17:30 - PHP Notice:  Undefined index: type in /opt/lampp/htdocs/ugollc/catalog/model/extension/total/coupon.php on line 146
2019-10-21 12:17:30 - PHP Notice:  Undefined index: shipping in /opt/lampp/htdocs/ugollc/catalog/model/extension/total/coupon.php on line 164
2019-10-21 12:17:31 - PHP Notice:  Undefined index: product in /opt/lampp/htdocs/ugollc/catalog/model/extension/total/coupon.php on line 118
2019-10-21 12:17:31 - PHP Notice:  Undefined index: type in /opt/lampp/htdocs/ugollc/catalog/model/extension/total/coupon.php on line 130
2019-10-21 12:17:31 - PHP Notice:  Undefined index: product in /opt/lampp/htdocs/ugollc/catalog/model/extension/total/coupon.php on line 137
2019-10-21 12:17:31 - PHP Notice:  Undefined index: type in /opt/lampp/htdocs/ugollc/catalog/model/extension/total/coupon.php on line 144
2019-10-21 12:17:31 - PHP Notice:  Undefined index: type in /opt/lampp/htdocs/ugollc/catalog/model/extension/total/coupon.php on line 146
2019-10-21 12:17:31 - PHP Notice:  Undefined index: product in /opt/lampp/htdocs/ugollc/catalog/model/extension/total/coupon.php on line 137
2019-10-21 12:17:31 - PHP Notice:  Undefined index: type in /opt/lampp/htdocs/ugollc/catalog/model/extension/total/coupon.php on line 144
2019-10-21 12:17:31 - PHP Notice:  Undefined index: type in /opt/lampp/htdocs/ugollc/catalog/model/extension/total/coupon.php on line 146
2019-10-21 12:17:31 - PHP Notice:  Undefined index: shipping in /opt/lampp/htdocs/ugollc/catalog/model/extension/total/coupon.php on line 164
2019-10-21 12:19:21 - PHP Notice:  Undefined index: product in /opt/lampp/htdocs/ugollc/catalog/model/extension/total/coupon.php on line 118
2019-10-21 12:19:21 - PHP Notice:  Undefined index: type in /opt/lampp/htdocs/ugollc/catalog/model/extension/total/coupon.php on line 130
2019-10-21 12:19:21 - PHP Notice:  Undefined index: product in /opt/lampp/htdocs/ugollc/catalog/model/extension/total/coupon.php on line 137
2019-10-21 12:19:21 - PHP Notice:  Undefined index: type in /opt/lampp/htdocs/ugollc/catalog/model/extension/total/coupon.php on line 144
2019-10-21 12:19:21 - PHP Notice:  Undefined index: type in /opt/lampp/htdocs/ugollc/catalog/model/extension/total/coupon.php on line 146
2019-10-21 12:19:21 - PHP Notice:  Undefined index: product in /opt/lampp/htdocs/ugollc/catalog/model/extension/total/coupon.php on line 137
2019-10-21 12:19:21 - PHP Notice:  Undefined index: type in /opt/lampp/htdocs/ugollc/catalog/model/extension/total/coupon.php on line 144
2019-10-21 12:19:21 - PHP Notice:  Undefined index: type in /opt/lampp/htdocs/ugollc/catalog/model/extension/total/coupon.php on line 146
2019-10-21 12:19:21 - PHP Notice:  Undefined index: shipping in /opt/lampp/htdocs/ugollc/catalog/model/extension/total/coupon.php on line 164
2019-10-21 12:19:30 - PHP Notice:  Undefined index: product in /opt/lampp/htdocs/ugollc/catalog/model/extension/total/coupon.php on line 118
2019-10-21 12:19:30 - PHP Notice:  Undefined index: type in /opt/lampp/htdocs/ugollc/catalog/model/extension/total/coupon.php on line 130
2019-10-21 12:19:30 - PHP Notice:  Undefined index: product in /opt/lampp/htdocs/ugollc/catalog/model/extension/total/coupon.php on line 137
2019-10-21 12:19:30 - PHP Notice:  Undefined index: type in /opt/lampp/htdocs/ugollc/catalog/model/extension/total/coupon.php on line 144
2019-10-21 12:19:30 - PHP Notice:  Undefined index: type in /opt/lampp/htdocs/ugollc/catalog/model/extension/total/coupon.php on line 146
2019-10-21 12:19:30 - PHP Notice:  Undefined index: product in /opt/lampp/htdocs/ugollc/catalog/model/extension/total/coupon.php on line 137
2019-10-21 12:19:30 - PHP Notice:  Undefined index: type in /opt/lampp/htdocs/ugollc/catalog/model/extension/total/coupon.php on line 144
2019-10-21 12:19:30 - PHP Notice:  Undefined index: type in /opt/lampp/htdocs/ugollc/catalog/model/extension/total/coupon.php on line 146
2019-10-21 12:19:30 - PHP Notice:  Undefined index: shipping in /opt/lampp/htdocs/ugollc/catalog/model/extension/total/coupon.php on line 164
2019-10-21 12:19:30 - PHP Notice:  Undefined index: product in /opt/lampp/htdocs/ugollc/catalog/model/extension/total/coupon.php on line 118
2019-10-21 12:19:30 - PHP Notice:  Undefined index: type in /opt/lampp/htdocs/ugollc/catalog/model/extension/total/coupon.php on line 130
2019-10-21 12:19:30 - PHP Notice:  Undefined index: product in /opt/lampp/htdocs/ugollc/catalog/model/extension/total/coupon.php on line 137
2019-10-21 12:19:30 - PHP Notice:  Undefined index: type in /opt/lampp/htdocs/ugollc/catalog/model/extension/total/coupon.php on line 144
2019-10-21 12:19:30 - PHP Notice:  Undefined index: type in /opt/lampp/htdocs/ugollc/catalog/model/extension/total/coupon.php on line 146
2019-10-21 12:19:30 - PHP Notice:  Undefined index: product in /opt/lampp/htdocs/ugollc/catalog/model/extension/total/coupon.php on line 137
2019-10-21 12:19:30 - PHP Notice:  Undefined index: type in /opt/lampp/htdocs/ugollc/catalog/model/extension/total/coupon.php on line 144
2019-10-21 12:19:30 - PHP Notice:  Undefined index: type in /opt/lampp/htdocs/ugollc/catalog/model/extension/total/coupon.php on line 146
2019-10-21 12:19:30 - PHP Notice:  Undefined index: shipping in /opt/lampp/htdocs/ugollc/catalog/model/extension/total/coupon.php on line 164
2019-10-21 12:19:37 - PHP Notice:  Undefined index: product in /opt/lampp/htdocs/ugollc/catalog/model/extension/total/coupon.php on line 118
2019-10-21 12:19:37 - PHP Notice:  Undefined index: type in /opt/lampp/htdocs/ugollc/catalog/model/extension/total/coupon.php on line 130
2019-10-21 12:19:37 - PHP Notice:  Undefined index: product in /opt/lampp/htdocs/ugollc/catalog/model/extension/total/coupon.php on line 137
2019-10-21 12:19:37 - PHP Notice:  Undefined index: type in /opt/lampp/htdocs/ugollc/catalog/model/extension/total/coupon.php on line 144
2019-10-21 12:19:37 - PHP Notice:  Undefined index: type in /opt/lampp/htdocs/ugollc/catalog/model/extension/total/coupon.php on line 146
2019-10-21 12:19:37 - PHP Notice:  Undefined index: product in /opt/lampp/htdocs/ugollc/catalog/model/extension/total/coupon.php on line 137
2019-10-21 12:19:37 - PHP Notice:  Undefined index: type in /opt/lampp/htdocs/ugollc/catalog/model/extension/total/coupon.php on line 144
2019-10-21 12:19:37 - PHP Notice:  Undefined index: type in /opt/lampp/htdocs/ugollc/catalog/model/extension/total/coupon.php on line 146
2019-10-21 12:19:37 - PHP Notice:  Undefined index: shipping in /opt/lampp/htdocs/ugollc/catalog/model/extension/total/coupon.php on line 164
2019-10-21 12:19:37 - PHP Notice:  Undefined index: product in /opt/lampp/htdocs/ugollc/catalog/model/extension/total/coupon.php on line 118
2019-10-21 12:19:37 - PHP Notice:  Undefined index: type in /opt/lampp/htdocs/ugollc/catalog/model/extension/total/coupon.php on line 130
2019-10-21 12:19:37 - PHP Notice:  Undefined index: product in /opt/lampp/htdocs/ugollc/catalog/model/extension/total/coupon.php on line 137
2019-10-21 12:19:37 - PHP Notice:  Undefined index: type in /opt/lampp/htdocs/ugollc/catalog/model/extension/total/coupon.php on line 144
2019-10-21 12:19:37 - PHP Notice:  Undefined index: type in /opt/lampp/htdocs/ugollc/catalog/model/extension/total/coupon.php on line 146
2019-10-21 12:19:37 - PHP Notice:  Undefined index: product in /opt/lampp/htdocs/ugollc/catalog/model/extension/total/coupon.php on line 137
2019-10-21 12:19:37 - PHP Notice:  Undefined index: type in /opt/lampp/htdocs/ugollc/catalog/model/extension/total/coupon.php on line 144
2019-10-21 12:19:37 - PHP Notice:  Undefined index: type in /opt/lampp/htdocs/ugollc/catalog/model/extension/total/coupon.php on line 146
2019-10-21 12:19:37 - PHP Notice:  Undefined index: shipping in /opt/lampp/htdocs/ugollc/catalog/model/extension/total/coupon.php on line 164
2019-10-21 12:20:16 - PHP Notice:  Undefined index: product in /opt/lampp/htdocs/ugollc/catalog/model/extension/total/coupon.php on line 118
2019-10-21 12:20:16 - PHP Notice:  Undefined index: type in /opt/lampp/htdocs/ugollc/catalog/model/extension/total/coupon.php on line 130
2019-10-21 12:20:16 - PHP Notice:  Undefined index: product in /opt/lampp/htdocs/ugollc/catalog/model/extension/total/coupon.php on line 137
2019-10-21 12:20:16 - PHP Notice:  Undefined index: type in /opt/lampp/htdocs/ugollc/catalog/model/extension/total/coupon.php on line 144
2019-10-21 12:20:16 - PHP Notice:  Undefined index: type in /opt/lampp/htdocs/ugollc/catalog/model/extension/total/coupon.php on line 146
2019-10-21 12:20:16 - PHP Notice:  Undefined index: product in /opt/lampp/htdocs/ugollc/catalog/model/extension/total/coupon.php on line 137
2019-10-21 12:20:16 - PHP Notice:  Undefined index: type in /opt/lampp/htdocs/ugollc/catalog/model/extension/total/coupon.php on line 144
2019-10-21 12:20:16 - PHP Notice:  Undefined index: type in /opt/lampp/htdocs/ugollc/catalog/model/extension/total/coupon.php on line 146
2019-10-21 12:20:16 - PHP Notice:  Undefined index: shipping in /opt/lampp/htdocs/ugollc/catalog/model/extension/total/coupon.php on line 164
2019-10-21 12:20:16 - PHP Notice:  Undefined index: product in /opt/lampp/htdocs/ugollc/catalog/model/extension/total/coupon.php on line 118
2019-10-21 12:20:16 - PHP Notice:  Undefined index: type in /opt/lampp/htdocs/ugollc/catalog/model/extension/total/coupon.php on line 130
2019-10-21 12:20:16 - PHP Notice:  Undefined index: product in /opt/lampp/htdocs/ugollc/catalog/model/extension/total/coupon.php on line 137
2019-10-21 12:20:16 - PHP Notice:  Undefined index: type in /opt/lampp/htdocs/ugollc/catalog/model/extension/total/coupon.php on line 144
2019-10-21 12:20:16 - PHP Notice:  Undefined index: type in /opt/lampp/htdocs/ugollc/catalog/model/extension/total/coupon.php on line 146
2019-10-21 12:20:16 - PHP Notice:  Undefined index: product in /opt/lampp/htdocs/ugollc/catalog/model/extension/total/coupon.php on line 137
2019-10-21 12:20:16 - PHP Notice:  Undefined index: type in /opt/lampp/htdocs/ugollc/catalog/model/extension/total/coupon.php on line 144
2019-10-21 12:20:16 - PHP Notice:  Undefined index: type in /opt/lampp/htdocs/ugollc/catalog/model/extension/total/coupon.php on line 146
2019-10-21 12:20:16 - PHP Notice:  Undefined index: shipping in /opt/lampp/htdocs/ugollc/catalog/model/extension/total/coupon.php on line 164
2019-10-21 13:31:21 - PHP Notice:  Undefined index: coupon_status in /opt/lampp/htdocs/ugollc/catalog/controller/extension/total/coupon.php on line 44
2019-10-21 13:31:28 - PHP Notice:  Undefined index: coupon_status in /opt/lampp/htdocs/ugollc/catalog/controller/extension/total/coupon.php on line 44
